1707920167.174168 client started (18773): version 3.0a, socket /tmp/tmux-1000/default, protocol 8
1707920167.174190 on Linux 5.15.133.1-microsoft-standard-WSL2 #1 SMP Thu Oct 5 21:02:42 UTC 2023; libevent 2.1.11-stable (poll)
1707920167.174200 socket is /tmp/tmux-1000/default
1707920167.174209 trying connect
1707920167.174281 add peer 0x5653e8a41570: 6 ((nil))
1707920167.174334 sending message 100 to peer 0x5653e8a41570 (4 bytes)
1707920167.174339 sending message 101 to peer 0x5653e8a41570 (7 bytes)
1707920167.174342 sending message 102 to peer 0x5653e8a41570 (11 bytes)
1707920167.174345 sending message 108 to peer 0x5653e8a41570 (49 bytes)
1707920167.174348 sending message 104 to peer 0x5653e8a41570 (0 bytes)
1707920167.174352 sending message 107 to peer 0x5653e8a41570 (4 bytes)
1707920167.174355 sending message 105 to peer 0x5653e8a41570 (16 bytes)
1707920167.174358 sending message 105 to peer 0x5653e8a41570 (24 bytes)
1707920167.174361 sending message 105 to peer 0x5653e8a41570 (23 bytes)
1707920167.174364 sending message 105 to peer 0x5653e8a41570 (36 bytes)
1707920167.174367 sending message 105 to peer 0x5653e8a41570 (48 bytes)
1707920167.174370 sending message 105 to peer 0x5653e8a41570 (43 bytes)
1707920167.174373 sending message 105 to peer 0x5653e8a41570 (14 bytes)
1707920167.174376 sending message 105 to peer 0x5653e8a41570 (53 bytes)
1707920167.174379 sending message 105 to peer 0x5653e8a41570 (21 bytes)
1707920167.174382 sending message 105 to peer 0x5653e8a41570 (84 bytes)
1707920167.174385 sending message 105 to peer 0x5653e8a41570 (24 bytes)
1707920167.174387 sending message 105 to peer 0x5653e8a41570 (13 bytes)
1707920167.174390 sending message 105 to peer 0x5653e8a41570 (34 bytes)
1707920167.174394 sending message 105 to peer 0x5653e8a41570 (1506 bytes)
1707920167.174402 sending message 105 to peer 0x5653e8a41570 (20 bytes)
1707920167.174405 sending message 105 to peer 0x5653e8a41570 (26 bytes)
1707920167.174408 sending message 105 to peer 0x5653e8a41570 (38 bytes)
1707920167.174411 sending message 105 to peer 0x5653e8a41570 (86 bytes)
1707920167.174414 sending message 105 to peer 0x5653e8a41570 (34 bytes)
1707920167.174417 sending message 105 to peer 0x5653e8a41570 (12 bytes)
1707920167.174420 sending message 105 to peer 0x5653e8a41570 (32 bytes)
1707920167.174423 sending message 105 to peer 0x5653e8a41570 (18 bytes)
1707920167.174426 sending message 105 to peer 0x5653e8a41570 (13 bytes)
1707920167.174429 sending message 105 to peer 0x5653e8a41570 (50 bytes)
1707920167.174432 sending message 105 to peer 0x5653e8a41570 (11 bytes)
1707920167.174435 sending message 105 to peer 0x5653e8a41570 (8 bytes)
1707920167.174438 sending message 105 to peer 0x5653e8a41570 (56 bytes)
1707920167.174441 sending message 105 to peer 0x5653e8a41570 (38 bytes)
1707920167.174444 sending message 105 to peer 0x5653e8a41570 (33 bytes)
1707920167.174446 sending message 105 to peer 0x5653e8a41570 (65 bytes)
1707920167.174450 sending message 105 to peer 0x5653e8a41570 (1214 bytes)
1707920167.174457 sending message 105 to peer 0x5653e8a41570 (16 bytes)
1707920167.174461 sending message 105 to peer 0x5653e8a41570 (40 bytes)
1707920167.174464 sending message 105 to peer 0x5653e8a41570 (53 bytes)
1707920167.174467 sending message 105 to peer 0x5653e8a41570 (26 bytes)
1707920167.174470 sending message 105 to peer 0x5653e8a41570 (16 bytes)
1707920167.174473 sending message 106 to peer 0x5653e8a41570 (0 bytes)
1707920167.174476 sending message 200 to peer 0x5653e8a41570 (4 bytes)
1707920167.174479 client loop enter
1707920167.175034 peer 0x5653e8a41570 message 211
1707920167.175047 client_write: sessions should be nested with care, unset $TMUX to force\n
1707920167.175087 peer 0x5653e8a41570 message 203
1707920167.175094 client loop exit
