00:00:00.034279 main     VirtualBox XPCOM Server 7.0.14 r161095 linux.amd64 (Jan 19 2024 13:54:29) release log
00:00:00.034285 main     Log opened 2024-04-23T00:04:39.949647000Z
00:00:00.034286 main     Build Type: release
00:00:00.034291 main     OS Product: Linux
00:00:00.034294 main     OS Release: 6.8.5-arch1-1
00:00:00.034298 main     OS Version: #1 SMP PREEMPT_DYNAMIC Thu, 11 Apr 2024 01:47:33 +0000
00:00:00.034371 main     DMI Product Name: HP Pavilion Desktop PC 570-p0xx
00:00:00.034393 main     DMI Product Version: 
00:00:00.034404 main     Firmware type: UEFI
00:00:00.035490 main     Secure Boot: Disabled
00:00:00.035577 main     Host RAM: 11851MB (11.5GB) total, 11443MB (11.1GB) available
00:00:00.035583 main     Executable: /usr/lib/virtualbox/VBoxSVC
00:00:00.035585 main     Process ID: 3599
00:00:00.035586 main     Package type: LINUX_64BITS_GENERIC (OSE)
00:00:00.040346 main     IPC socket path: /tmp/.vbox-topher2-ipc/ipcd
00:00:00.175788 nspr-2   VirtualBox: object creation starts
00:00:00.184630 nspr-2   Home directory: '/home/topher2/.config/VirtualBox'
00:00:00.222384 nspr-2   Loading settings file "/home/topher2/.config/VirtualBox/VirtualBox.xml" with version "1.12-linux"
00:00:00.255509 nspr-2   NetIfAdpCtlOut: VBoxNetAdpCtl: Error while retrieving link speed for wlp3s0: VBoxNetAdpCtl: ioctl failed: Operation not supported
00:00:00.280555 nspr-2   HostDnsMonitor: initializing
00:00:00.281050 nspr-2   NAT: resolv.conf: nameserver 10.128.128.128
00:00:00.281071 nspr-2   HostDnsMonitor: updating information
00:00:00.281091 nspr-2   HostDnsMonitor: old information
00:00:00.281095 nspr-2     no server entries
00:00:00.281099 nspr-2     no domain set
00:00:00.281102 nspr-2     no search string entries
00:00:00.281105 nspr-2   HostDnsMonitor: new information
00:00:00.281108 nspr-2     server 1: 10.128.128.128
00:00:00.281113 nspr-2     no domain set
00:00:00.281116 nspr-2     no search string entries
00:00:00.311053 nspr-2   VD: VDInit finished with VINF_SUCCESS
00:00:00.316106 nspr-2   ERROR [COM]: aRC=NS_ERROR_FAILURE (0x80004005) aIID={aac6c7cb-a371-4c58-ab51-0616896b2f2c} aComponent={SystemPropertiesWrap} aText={Cannot determine default Guest Additions ISO location. Most likely they are not available}, preserve=false aResultDetail=0
00:00:00.353988 nspr-2   VirtualBox: object created
00:00:02.293921 nspr-3   WARNING [COM]: aRC=NS_ERROR_FAILURE (0x80004005) aIID={e54f6256-97a7-4947-8a78-10c013ddf4b8} aComponent={HostWrap} aText={VirtualBox is not currently allowed to access USB devices.  You can change this by adding your user to the 'vboxusers' group.  Please see the user manual for a more detailed explanation}, preserve=false aResultDetail=0
00:00:03.258622 nspr-2   Saving settings file "/home/topher2/.config/VirtualBox/VirtualBox.xml" with version "1.12-linux"
00:00:03.365880 nspr-2   Finished saving settings file "/home/topher2/.config/VirtualBox/VirtualBox.xml"
00:00:24.860022 nspr-4   Saving settings file "/home/topher2/.config/VirtualBox/VirtualBox.xml" with version "1.12-linux"
00:00:24.960898 nspr-4   Finished saving settings file "/home/topher2/.config/VirtualBox/VirtualBox.xml"
00:00:27.287912 nspr-2   Saving settings file "/home/topher2/.config/VirtualBox/VirtualBox.xml" with version "1.12-linux"
00:00:27.382266 nspr-2   Finished saving settings file "/home/topher2/.config/VirtualBox/VirtualBox.xml"
00:01:48.852245 nspr-3   ERROR [COM]: aRC=NS_ERROR_FAILURE (0x80004005) aIID={aac6c7cb-a371-4c58-ab51-0616896b2f2c} aComponent={SystemPropertiesWrap} aText={Cannot determine default Guest Additions ISO location. Most likely they are not available}, preserve=false aResultDetail=0
00:02:30.251467 nspr-3   ERROR [COM]: aRC=NS_ERROR_FAILURE (0x80004005) aIID={aac6c7cb-a371-4c58-ab51-0616896b2f2c} aComponent={SystemPropertiesWrap} aText={Cannot determine default Guest Additions ISO location. Most likely they are not available}, preserve=false aResultDetail=0
17:00:57.001439 main     VirtualBox: object deletion starts
17:00:57.002293 main     HostDnsMonitor: shutting down ...
17:00:57.015585 main     HostDnsMonitor: shut down
17:00:57.026985 Watcher  ERROR [COM]: aRC=E_ACCESSDENIED (0x80070005) aIID={7682d5eb-f00e-44f1-8ca2-99d08b1cd607} aComponent={VirtualBoxWrap} aText={The object is not ready}, preserve=false aResultDetail=0
17:00:57.027127 main     VirtualBox: object deleted
