2024-04-23T18:18:03.264Z 0: 

----------------------------------------------
2024-04-23T18:18:03.338Z 1: Discord starting: {"releaseChannel":"stable","version":"0.0.51"}, modulepath: /home/topher2/.config/discord/0.0.51/modules
2024-04-23T18:18:03.372Z 2: ✅ webContents.created web1 "index.html"
2024-04-23T18:18:03.405Z 3: ✅ window.created win1 "discord"
2024-04-23T18:18:03.523Z 4: ✅ webContents.did-finish-load web1
2024-04-23T18:18:19.885Z 5: ✅ webContents.created web2 ""
2024-04-23T18:18:19.969Z 6: ✅ window.created win2 "Discord"
2024-04-23T18:18:21.903Z 7: ✅ webContents.did-finish-load web2
2024-04-23T18:18:22.003Z 8: window.close win1
2024-04-23T18:18:22.047Z 9: webContents.destroyed web1
2024-04-23T18:18:22.107Z 10: window.closed win1
2024-04-24T03:34:20.624Z 11: before-quit
2024-04-27T00:07:16.030Z 0: 

----------------------------------------------
2024-04-27T00:07:16.696Z 1: Discord starting: {"releaseChannel":"stable","version":"0.0.51"}, modulepath: /home/topher2/.config/discord/0.0.51/modules
2024-04-27T00:07:16.865Z 2: ✅ webContents.created web1 ""
2024-04-27T00:07:16.981Z 3: ✅ window.created win1 "discord"
2024-04-27T00:07:19.119Z 4: ✅ webContents.did-finish-load web1
2024-04-27T00:07:19.780Z 5: ✅ webContents.created web2 ""
2024-04-27T00:07:19.954Z 6: ✅ window.created win2 "Discord"
2024-04-27T00:07:24.771Z 7: ✅ webContents.did-finish-load web2
2024-04-27T00:07:24.916Z 8: window.close win1
2024-04-27T00:07:24.975Z 9: webContents.destroyed web1
2024-04-27T00:07:25.017Z 10: window.closed win1
2024-04-27T20:05:57.531Z 0: 

----------------------------------------------
2024-04-27T20:05:58.192Z 1: Discord starting: {"releaseChannel":"stable","version":"0.0.51"}, modulepath: /home/topher2/.config/discord/0.0.51/modules
2024-04-27T20:05:58.326Z 2: ✅ webContents.created web1 ""
2024-04-27T20:05:58.442Z 3: ✅ window.created win1 "discord"
2024-04-27T20:06:01.161Z 4: ✅ webContents.created web2 ""
2024-04-27T20:06:01.431Z 5: ✅ window.created win2 "Discord"
2024-04-27T20:06:01.574Z 6: ✅ webContents.did-finish-load web1
2024-04-27T20:06:05.909Z 7: ✅ webContents.did-finish-load web2
2024-04-27T20:06:06.068Z 8: window.close win1
2024-04-27T20:06:06.186Z 9: webContents.destroyed web1
2024-04-27T20:06:06.245Z 10: window.closed win1
2024-04-29T16:08:51.535Z 0: 

----------------------------------------------
2024-04-29T16:08:52.325Z 1: Discord starting: {"releaseChannel":"stable","version":"0.0.51"}, modulepath: /home/topher2/.config/discord/0.0.51/modules
2024-04-29T16:08:52.491Z 2: ✅ webContents.created web1 ""
2024-04-29T16:08:52.600Z 3: ✅ window.created win1 "discord"
2024-04-29T16:08:54.825Z 4: ✅ webContents.did-finish-load web1
2024-04-29T16:08:55.274Z 5: ✅ webContents.created web2 ""
2024-04-29T16:08:55.407Z 6: ✅ window.created win2 "Discord"
2024-04-29T16:08:59.914Z 7: ✅ webContents.did-finish-load web2
2024-04-29T16:09:00.002Z 8: window.close win1
2024-04-29T16:09:00.121Z 9: webContents.destroyed web1
2024-04-29T16:09:00.238Z 10: window.closed win1
2024-04-29T23:16:09.423Z 11: before-quit
2025-01-09T20:53:00.424Z 0: 

----------------------------------------------
2025-01-09T20:53:01.251Z 1: Discord starting: {"releaseChannel":"stable","version":"0.0.51"}, modulepath: /home/topher2/.config/discord/0.0.51/modules
2025-01-09T20:53:01.462Z 2: ✅ webContents.created web1 ""
2025-01-09T20:53:01.542Z 3: ✅ window.created win1 "discord"
2025-01-09T20:53:03.723Z 4: ✅ webContents.did-finish-load web1
2025-01-09T20:53:41.012Z 0: 

----------------------------------------------
2025-01-09T20:53:42.073Z 0: 

----------------------------------------------
